<?xml version="1.0" encoding="UTF-8"?>
<!-- Generated by org.testng.reporters.JUnitReportReporter -->
<testsuite skipped="0" hostname="DESKTOP-UTK72QE" name="test.com.CarTest" tests="1" failures="0" timestamp="2020-02-08T16:20:46 CST" time="0.006" errors="0">
  <testcase name="testCar" time="0.006" classname="test.com.CarTest"/>
  <system-out/>
</testsuite> <!-- test.com.CarTest -->
